<?xml version="1.0" encoding="UTF-8"?>
<testng-results skipped="0" failed="0" total="1" passed="1">
  <reporter-output>
  </reporter-output>
  <suite name="Default suite" duration-ms="133796" started-at="2020-03-13T11:09:28Z" finished-at="2020-03-13T11:11:42Z">
    <groups>
    </groups>
    <test name="Default test" duration-ms="133796" started-at="2020-03-13T11:09:28Z" finished-at="2020-03-13T11:11:42Z">
      <class name="com.testcasees.alaskatestcase">
        <test-method status="PASS" signature="beforetest()[pri:0, instance:com.testcasees.alaskatestcase@6767c1fc]" name="beforetest" is-config="true" duration-ms="12218" started-at="2020-03-13T16:39:28Z" finished-at="2020-03-13T16:39:41Z">
          <reporter-output>
          </reporter-output>
        </test-method> <!-- beforetest -->
        <test-method status="PASS" signature="Test1()[pri:0, instance:com.testcasees.alaskatestcase@6767c1fc]" name="Test1" duration-ms="119052" started-at="2020-03-13T16:39:41Z" finished-at="2020-03-13T16:41:40Z">
          <reporter-output>
          </reporter-output>
        </test-method> <!-- Test1 -->
        <test-method status="PASS" signature="aftertest()[pri:0, instance:com.testcasees.alaskatestcase@6767c1fc]" name="aftertest" is-config="true" duration-ms="2488" started-at="2020-03-13T16:41:40Z" finished-at="2020-03-13T16:41:42Z">
          <reporter-output>
          </reporter-output>
        </test-method> <!-- aftertest -->
      </class> <!-- com.testcasees.alaskatestcase -->
    </test> <!-- Default test -->
  </suite> <!-- Default suite -->
</testng-results>
